#
# A fatal error has been detected by the Java Runtime Environment:
#
#  Internal Error (method.cpp:1862), pid=2848, tid=2840
#  fatal error: no original bytecode found in mk.finki.ukim.emt.sharedkernel.domain.base.DomainObjectId.randomId(Ljava/lang/Class;)Lmk/finki/ukim/emt/sharedkernel/domain/base/DomainObjectId; at bci 40
#
# JRE version: OpenJDK Runtime Environment (17.0+35) (build 17+35-2724)
# Java VM: OpenJDK 64-Bit Server VM (17+35-2724, mixed mode, sharing, tiered, compressed oops, compressed class ptrs, g1 gc, windows-amd64)
# No core dump will be written. Minidumps are not enabled by default on client versions of Windows
#
# If you would like to submit a bug report, please visit:
#   https://bugreport.java.com/bugreport/crash.jsp
#

---------------  S U M M A R Y ------------

Command Line: -agentlib:jdwp=transport=dt_socket,address=127.0.0.1:60692,suspend=y,server=n -ea -Didea.test.cyclic.buffer.size=1048576 -javaagent:C:\Users\linan\AppData\Local\JetBrains\IntelliJIdea2021.2\captureAgent\debugger-agent.jar -Dfile.encoding=UTF-8 com.intellij.rt.junit.JUnitStarter -ideVersion5 -junit5 mk.ukim.finki.emt.appointmentmanagement.service.AppointmentServiceImplTest,testPlaceOrder

Host: Intel(R) Core(TM) i7-8565U CPU @ 1.80GHz, 8 cores, 7G,  Windows 10 , 64 bit Build 22621 (10.0.22621.1635)
Time: Sun May 21 14:03:08 2023 Central European Summer Time elapsed time: 100.512083 seconds (0d 0h 1m 40s)

---------------  T H R E A D  ---------------

Current thread (0x00000264f6130920):  JavaThread "main" [_thread_in_vm, id=2840, stack(0x0000006a8f600000,0x0000006a8f700000)]

Stack: [0x0000006a8f600000,0x0000006a8f700000]
Native frames: (J=compiled Java code, j=interpreted, Vv=VM code, C=native code)
V  [jvm.dll+0x66f8ea]
V  [jvm.dll+0x7ce224]
V  [jvm.dll+0x7cf9ce]
V  [jvm.dll+0x24290f]
V  [jvm.dll+0x62404f]
V  [jvm.dll+0x37c824]
C  0x0000026480029d42

Java frames: (J=compiled Java code, j=interpreted, Vv=VM code)
j  mk.finki.ukim.emt.sharedkernel.domain.base.DomainObjectId.randomId(Ljava/lang/Class;)Lmk/finki/ukim/emt/sharedkernel/domain/base/DomainObjectId;+40
j  mk.ukim.finki.emt.appointmentmanagement.service.AppointmentServiceImplTest.newPatient(Ljava/lang/String;Ljava/lang/String;Ljava/lang/String;)Lmk/ukim/finki/emt/appointmentmanagement/domain/valueObjects/Patient;+6
j  mk.ukim.finki.emt.appointmentmanagement.service.AppointmentServiceImplTest.testPlaceOrder()V+15
v  ~StubRoutines::call_stub
j  jdk.internal.reflect.NativeMethodAccessorImpl.invoke0(Ljava/lang/reflect/Method;Ljava/lang/Object;[Ljava/lang/Object;)Ljava/lang/Object;+0 java.base@17
j  jdk.internal.reflect.NativeMethodAccessorImpl.invoke(Ljava/lang/Object;[Ljava/lang/Object;)Ljava/lang/Object;+133 java.base@17
j  jdk.internal.reflect.DelegatingMethodAccessorImpl.invoke(Ljava/lang/Object;[Ljava/lang/Object;)Ljava/lang/Object;+6 java.base@17
j  java.lang.reflect.Method.invoke(Ljava/lang/Object;[Ljava/lang/Object;)Ljava/lang/Object;+59 java.base@17
j  org.junit.platform.commons.util.ReflectionUtils.invokeMethod(Ljava/lang/reflect/Method;Ljava/lang/Object;[Ljava/lang/Object;)Ljava/lang/Object;+42
j  org.junit.jupiter.engine.execution.MethodInvocation.proceed()Ljava/lang/Object;+16
j  org.junit.jupiter.engine.execution.InvocationInterceptorChain$ValidatingInvocation.proceed()Ljava/lang/Object;+8
j  org.junit.jupiter.engine.extension.TimeoutExtension.intercept(Lorg/junit/jupiter/api/extension/InvocationInterceptor$Invocation;Lorg/junit/jupiter/api/extension/ReflectiveInvocationContext;Lorg/junit/jupiter/api/extension/ExtensionContext;Lorg/junit/jupiter/engine/extension/TimeoutDuration;Lorg/junit/jupiter/engine/extension/TimeoutExtension$TimeoutProvider;)Ljava/lang/Object;+28
j  org.junit.jupiter.engine.extension.TimeoutExtension.interceptTestableMethod(Lorg/junit/jupiter/api/extension/InvocationInterceptor$Invocation;Lorg/junit/jupiter/api/extension/ReflectiveInvocationContext;Lorg/junit/jupiter/api/extension/ExtensionContext;Lorg/junit/jupiter/engine/extension/TimeoutExtension$TimeoutProvider;)Ljava/lang/Object;+31
j  org.junit.jupiter.engine.extension.TimeoutExtension.interceptTestMethod(Lorg/junit/jupiter/api/extension/InvocationInterceptor$Invocation;Lorg/junit/jupiter/api/extension/ReflectiveInvocationContext;Lorg/junit/jupiter/api/extension/ExtensionContext;)V+9
j  org.junit.jupiter.engine.descriptor.TestMethodTestDescriptor$$Lambda$156+0x0000000800c39110.apply(Lorg/junit/jupiter/api/extension/InvocationInterceptor;Lorg/junit/jupiter/api/extension/InvocationInterceptor$Invocation;Lorg/junit/jupiter/api/extension/ReflectiveInvocationContext;Lorg/junit/jupiter/api/extension/ExtensionContext;)V+5
j  org.junit.jupiter.engine.execution.InterceptingExecutableInvoker$ReflectiveInterceptorCall.lambda$ofVoidMethod$0(Lorg/junit/jupiter/engine/execution/InterceptingExecutableInvoker$ReflectiveInterceptorCall$VoidMethodInterceptorCall;Lorg/junit/jupiter/api/extension/InvocationInterceptor;Lorg/junit/jupiter/api/extension/InvocationInterceptor$Invocation;Lorg/junit/jupiter/api/extension/ReflectiveInvocationContext;Lorg/junit/jupiter/api/extension/ExtensionContext;)Ljava/lang/Void;+6
j  org.junit.jupiter.engine.execution.InterceptingExecutableInvoker$ReflectiveInterceptorCall$$Lambda$157+0x0000000800c39520.apply(Lorg/junit/jupiter/api/extension/InvocationInterceptor;Lorg/junit/jupiter/api/extension/InvocationInterceptor$Invocation;Lorg/junit/jupiter/api/extension/ReflectiveInvocationContext;Lorg/junit/jupiter/api/extension/ExtensionContext;)Ljava/lang/Object;+9
j  org.junit.jupiter.engine.execution.InterceptingExecutableInvoker.lambda$invoke$0(Lorg/junit/jupiter/engine/execution/InterceptingExecutableInvoker$ReflectiveInterceptorCall;Lorg/junit/jupiter/api/extension/ReflectiveInvocationContext;Lorg/junit/jupiter/api/extension/ExtensionContext;Lorg/junit/jupiter/api/extension/InvocationInterceptor;Lorg/junit/jupiter/api/extension/InvocationInterceptor$Invocation;)Ljava/lang/Object;+6
j  org.junit.jupiter.engine.execution.InterceptingExecutableInvoker$$Lambda$328+0x0000000800ca6a98.apply(Lorg/junit/jupiter/api/extension/InvocationInterceptor;Lorg/junit/jupiter/api/extension/InvocationInterceptor$Invocation;)Ljava/lang/Object;+14
j  org.junit.jupiter.engine.execution.InvocationInterceptorChain$InterceptedInvocation.proceed()Ljava/lang/Object;+12
j  org.junit.jupiter.engine.execution.InvocationInterceptorChain.proceed(Lorg/junit/jupiter/api/extension/InvocationInterceptor$Invocation;)Ljava/lang/Object;+1
j  org.junit.jupiter.engine.execution.InvocationInterceptorChain.chainAndInvoke(Lorg/junit/jupiter/api/extension/InvocationInterceptor$Invocation;Lorg/junit/jupiter/engine/execution/InvocationInterceptorChain$InterceptorCall;Ljava/util/List;)Ljava/lang/Object;+24
j  org.junit.jupiter.engine.execution.InvocationInterceptorChain.invoke(Lorg/junit/jupiter/api/extension/InvocationInterceptor$Invocation;Lorg/junit/jupiter/engine/extension/ExtensionRegistry;Lorg/junit/jupiter/engine/execution/InvocationInterceptorChain$InterceptorCall;)Ljava/lang/Object;+31
j  org.junit.jupiter.engine.execution.InterceptingExecutableInvoker.invoke(Lorg/junit/jupiter/api/extension/InvocationInterceptor$Invocation;Lorg/junit/jupiter/api/extension/ReflectiveInvocationContext;Lorg/junit/jupiter/api/extension/ExtensionContext;Lorg/junit/jupiter/engine/extension/ExtensionRegistry;Lorg/junit/jupiter/engine/execution/InterceptingExecutableInvoker$ReflectiveInterceptorCall;)Ljava/lang/Object;+15
j  org.junit.jupiter.engine.execution.InterceptingExecutableInvoker.invoke(Ljava/lang/reflect/Method;Ljava/lang/Object;Lorg/junit/jupiter/api/extension/ExtensionContext;Lorg/junit/jupiter/engine/extension/ExtensionRegistry;Lorg/junit/jupiter/engine/execution/InterceptingExecutableInvoker$ReflectiveInterceptorCall;)Ljava/lang/Object;+55
j  org.junit.jupiter.engine.descriptor.TestMethodTestDescriptor.lambda$invokeTestMethod$7(Lorg/junit/jupiter/api/extension/ExtensionContext;Lorg/junit/jupiter/engine/execution/JupiterEngineExecutionContext;)V+28
j  org.junit.jupiter.engine.descriptor.TestMethodTestDescriptor$$Lambda$339+0x0000000800ca8218.execute()V+12
j  org.junit.platform.engine.support.hierarchical.ThrowableCollector.execute(Lorg/junit/platform/engine/support/hierarchical/ThrowableCollector$Executable;)V+1
j  org.junit.jupiter.engine.descriptor.TestMethodTestDescriptor.invokeTestMethod(Lorg/junit/jupiter/engine/execution/JupiterEngineExecutionContext;Lorg/junit/platform/engine/support/hierarchical/Node$DynamicTestExecutor;)V+21
j  org.junit.jupiter.engine.descriptor.TestMethodTestDescriptor.execute(Lorg/junit/jupiter/engine/execution/JupiterEngineExecutionContext;Lorg/junit/platform/engine/support/hierarchical/Node$DynamicTestExecutor;)Lorg/junit/jupiter/engine/execution/JupiterEngineExecutionContext;+44
j  org.junit.jupiter.engine.descriptor.TestMethodTestDescriptor.execute(Lorg/junit/platform/engine/support/hierarchical/EngineExecutionContext;Lorg/junit/platform/engine/support/hierarchical/Node$DynamicTestExecutor;)Lorg/junit/platform/engine/support/hierarchical/EngineExecutionContext;+6
j  org.junit.platform.engine.support.hierarchical.NodeTestTask.lambda$executeRecursively$6()V+79
j  org.junit.platform.engine.support.hierarchical.NodeTestTask$$Lambda$265+0x0000000800c98638.execute()V+4
j  org.junit.platform.engine.support.hierarchical.ThrowableCollector.execute(Lorg/junit/platform/engine/support/hierarchical/ThrowableCollector$Executable;)V+1
j  org.junit.platform.engine.support.hierarchical.NodeTestTask.lambda$executeRecursively$8(Lorg/junit/platform/engine/support/hierarchical/EngineExecutionContext;)V+15
j  org.junit.platform.engine.support.hierarchical.NodeTestTask$$Lambda$264+0x0000000800c98418.invoke(Lorg/junit/platform/engine/support/hierarchical/EngineExecutionContext;)V+5
j  org.junit.platform.engine.support.hierarchical.Node.around(Lorg/junit/platform/engine/support/hierarchical/EngineExecutionContext;Lorg/junit/platform/engine/support/hierarchical/Node$Invocation;)V+2
j  org.junit.platform.engine.support.hierarchical.NodeTestTask.lambda$executeRecursively$9()V+14
j  org.junit.platform.engine.support.hierarchical.NodeTestTask$$Lambda$263+0x0000000800c98000.execute()V+4
j  org.junit.platform.engine.support.hierarchical.ThrowableCollector.execute(Lorg/junit/platform/engine/support/hierarchical/ThrowableCollector$Executable;)V+1
j  org.junit.platform.engine.support.hierarchical.NodeTestTask.executeRecursively()V+31
j  org.junit.platform.engine.support.hierarchical.NodeTestTask.execute()V+55
j  org.junit.platform.engine.support.hierarchical.SameThreadHierarchicalTestExecutorService$$Lambda$269+0x0000000800c99128.accept(Ljava/lang/Object;)V+4
j  java.util.ArrayList.forEach(Ljava/util/function/Consumer;)V+46 java.base@17
j  org.junit.platform.engine.support.hierarchical.SameThreadHierarchicalTestExecutorService.invokeAll(Ljava/util/List;)V+6
j  org.junit.platform.engine.support.hierarchical.NodeTestTask.lambda$executeRecursively$6()V+116
j  org.junit.platform.engine.support.hierarchical.NodeTestTask$$Lambda$265+0x0000000800c98638.execute()V+4
j  org.junit.platform.engine.support.hierarchical.ThrowableCollector.execute(Lorg/junit/platform/engine/support/hierarchical/ThrowableCollector$Executable;)V+1
j  org.junit.platform.engine.support.hierarchical.NodeTestTask.lambda$executeRecursively$8(Lorg/junit/platform/engine/support/hierarchical/EngineExecutionContext;)V+15
j  org.junit.platform.engine.support.hierarchical.NodeTestTask$$Lambda$264+0x0000000800c98418.invoke(Lorg/junit/platform/engine/support/hierarchical/EngineExecutionContext;)V+5
j  org.junit.platform.engine.support.hierarchical.Node.around(Lorg/junit/platform/engine/support/hierarchical/EngineExecutionContext;Lorg/junit/platform/engine/support/hierarchical/Node$Invocation;)V+2
j  org.junit.platform.engine.support.hierarchical.NodeTestTask.lambda$executeRecursively$9()V+14
j  org.junit.platform.engine.support.hierarchical.NodeTestTask$$Lambda$263+0x0000000800c98000.execute()V+4
j  org.junit.platform.engine.support.hierarchical.ThrowableCollector.execute(Lorg/junit/platform/engine/support/hierarchical/ThrowableCollector$Executable;)V+1
j  org.junit.platform.engine.support.hierarchical.NodeTestTask.executeRecursively()V+31
j  org.junit.platform.engine.support.hierarchical.NodeTestTask.execute()V+55
j  org.junit.platform.engine.support.hierarchical.SameThreadHierarchicalTestExecutorService$$Lambda$269+0x0000000800c99128.accept(Ljava/lang/Object;)V+4
j  java.util.ArrayList.forEach(Ljava/util/function/Consumer;)V+46 java.base@17
j  org.junit.platform.engine.support.hierarchical.SameThreadHierarchicalTestExecutorService.invokeAll(Ljava/util/List;)V+6
j  org.junit.platform.engine.support.hierarchical.NodeTestTask.lambda$executeRecursively$6()V+116
j  org.junit.platform.engine.support.hierarchical.NodeTestTask$$Lambda$265+0x0000000800c98638.execute()V+4
j  org.junit.platform.engine.support.hierarchical.ThrowableCollector.execute(Lorg/junit/platform/engine/support/hierarchical/ThrowableCollector$Executable;)V+1
j  org.junit.platform.engine.support.hierarchical.NodeTestTask.lambda$executeRecursively$8(Lorg/junit/platform/engine/support/hierarchical/EngineExecutionContext;)V+15
j  org.junit.platform.engine.support.hierarchical.NodeTestTask$$Lambda$264+0x0000000800c98418.invoke(Lorg/junit/platform/engine/support/hierarchical/EngineExecutionContext;)V+5
j  org.junit.platform.engine.support.hierarchical.Node.around(Lorg/junit/platform/engine/support/hierarchical/EngineExecutionContext;Lorg/junit/platform/engine/support/hierarchical/Node$Invocation;)V+2
j  org.junit.platform.engine.support.hierarchical.NodeTestTask.lambda$executeRecursively$9()V+14
j  org.junit.platform.engine.support.hierarchical.NodeTestTask$$Lambda$263+0x0000000800c98000.execute()V+4
j  org.junit.platform.engine.support.hierarchical.ThrowableCollector.execute(Lorg/junit/platform/engine/support/hierarchical/ThrowableCollector$Executable;)V+1
j  org.junit.platform.engine.support.hierarchical.NodeTestTask.executeRecursively()V+31
j  org.junit.platform.engine.support.hierarchical.NodeTestTask.execute()V+55
j  org.junit.platform.engine.support.hierarchical.SameThreadHierarchicalTestExecutorService.submit(Lorg/junit/platform/engine/support/hierarchical/HierarchicalTestExecutorService$TestTask;)Ljava/util/concurrent/Future;+1
j  org.junit.platform.engine.support.hierarchical.HierarchicalTestExecutor.execute()Ljava/util/concurrent/Future;+74
j  org.junit.platform.engine.support.hierarchical.HierarchicalTestEngine.execute(Lorg/junit/platform/engine/ExecutionRequest;)V+31
j  org.junit.platform.launcher.core.EngineExecutionOrchestrator.execute(Lorg/junit/platform/engine/TestDescriptor;Lorg/junit/platform/engine/EngineExecutionListener;Lorg/junit/platform/engine/ConfigurationParameters;Lorg/junit/platform/engine/TestEngine;)V+24
j  org.junit.platform.launcher.core.EngineExecutionOrchestrator.execute(Lorg/junit/platform/launcher/core/LauncherDiscoveryResult;Lorg/junit/platform/engine/EngineExecutionListener;)V+100
j  org.junit.platform.launcher.core.EngineExecutionOrchestrator.execute(Lorg/junit/platform/launcher/core/InternalTestPlan;Lorg/junit/platform/engine/EngineExecutionListener;Lorg/junit/platform/launcher/TestExecutionListener;)V+63
j  org.junit.platform.launcher.core.EngineExecutionOrchestrator.lambda$execute$0(Lorg/junit/platform/launcher/core/InternalTestPlan;Lorg/junit/platform/launcher/TestExecutionListener;)V+6
j  org.junit.platform.launcher.core.EngineExecutionOrchestrator$$Lambda$208+0x0000000800c86000.accept(Ljava/lang/Object;)V+12
j  org.junit.platform.launcher.core.EngineExecutionOrchestrator.withInterceptedStreams(Lorg/junit/platform/engine/ConfigurationParameters;Lorg/junit/platform/launcher/core/ListenerRegistry;Ljava/util/function/Consumer;)V+51
j  org.junit.platform.launcher.core.EngineExecutionOrchestrator.execute(Lorg/junit/platform/launcher/core/InternalTestPlan;[Lorg/junit/platform/launcher/TestExecutionListener;)V+23
j  org.junit.platform.launcher.core.DefaultLauncher.execute(Lorg/junit/platform/launcher/core/InternalTestPlan;[Lorg/junit/platform/launcher/TestExecutionListener;)V+6
j  org.junit.platform.launcher.core.DefaultLauncher.execute(Lorg/junit/platform/launcher/LauncherDiscoveryRequest;[Lorg/junit/platform/launcher/TestExecutionListener;)V+34
j  org.junit.platform.launcher.core.DefaultLauncherSession$DelegatingLauncher.execute(Lorg/junit/platform/launcher/LauncherDiscoveryRequest;[Lorg/junit/platform/launcher/TestExecutionListener;)V+6
j  org.junit.platform.launcher.core.SessionPerRequestLauncher.execute(Lorg/junit/platform/launcher/LauncherDiscoveryRequest;[Lorg/junit/platform/launcher/TestExecutionListener;)V+13
j  com.intellij.junit5.JUnit5IdeaTestRunner.startRunnerWithArgs([Ljava/lang/String;Ljava/lang/String;IZ)I+202
j  com.intellij.rt.junit.IdeaTestRunner$Repeater.startRunnerWithArgs(Lcom/intellij/rt/junit/IdeaTestRunner;[Ljava/lang/String;Ljava/util/ArrayList;Ljava/lang/String;IZ)I+22
j  com.intellij.rt.junit.JUnitStarter.prepareStreamsAndStart([Ljava/lang/String;Ljava/lang/String;Ljava/util/ArrayList;Ljava/lang/String;)I+116
j  com.intellij.rt.junit.JUnitStarter.main([Ljava/lang/String;)V+97
v  ~StubRoutines::call_stub

---------------  P R O C E S S  ---------------

Threads class SMR info:
_java_thread_list=0x0000026495806760, length=14, elements={
0x00000264f6130920, 0x00000264ff1f7870, 0x00000264ff1fa430, 0x00000264ff20b6c0,
0x00000264ff20c270, 0x00000264ff20f440, 0x00000264ff211200, 0x00000264ff2122f0,
0x00000264ff216290, 0x00000264ff21fbb0, 0x00000264ff1e5620, 0x00000264ffd148d0,
0x00000264ffdd2730, 0x0000026494f07690
}

Java Threads: ( => current thread )
=>0x00000264f6130920 JavaThread "main" [_thread_in_vm, id=2840, stack(0x0000006a8f600000,0x0000006a8f700000)]
  0x00000264ff1f7870 JavaThread "Reference Handler" daemon [_thread_blocked, id=5000, stack(0x0000006a8fd00000,0x0000006a8fe00000)]
  0x00000264ff1fa430 JavaThread "Finalizer" daemon [_thread_blocked, id=14852, stack(0x0000006a8fe00000,0x0000006a8ff00000)]
  0x00000264ff20b6c0 JavaThread "Signal Dispatcher" daemon [_thread_blocked, id=14144, stack(0x0000006a8ff00000,0x0000006a90000000)]
  0x00000264ff20c270 JavaThread "Attach Listener" daemon [_thread_blocked, id=20716, stack(0x0000006a90000000,0x0000006a90100000)]
  0x00000264ff20f440 JavaThread "Service Thread" daemon [_thread_blocked, id=3460, stack(0x0000006a90100000,0x0000006a90200000)]
  0x00000264ff211200 JavaThread "Monitor Deflation Thread" daemon [_thread_blocked, id=1220, stack(0x0000006a90200000,0x0000006a90300000)]
  0x00000264ff2122f0 JavaThread "C2 CompilerThread0" daemon [_thread_blocked, id=23344, stack(0x0000006a90300000,0x0000006a90400000)]
  0x00000264ff216290 JavaThread "C1 CompilerThread0" daemon [_thread_blocked, id=21272, stack(0x0000006a90400000,0x0000006a90500000)]
  0x00000264ff21fbb0 JavaThread "Sweeper thread" daemon [_thread_blocked, id=19828, stack(0x0000006a90500000,0x0000006a90600000)]
  0x00000264ff1e5620 JavaThread "Common-Cleaner" daemon [_thread_blocked, id=112, stack(0x0000006a90600000,0x0000006a90700000)]
  0x00000264ffd148d0 JavaThread "JDWP Transport Listener: dt_socket" daemon [_thread_blocked, id=22924, stack(0x0000006a90700000,0x0000006a90800000)]
  0x00000264ffdd2730 JavaThread "JDWP Event Helper Thread" daemon [_thread_blocked, id=10184, stack(0x0000006a90800000,0x0000006a90900000)]
  0x0000026494f07690 JavaThread "Notification Thread" daemon [_thread_blocked, id=10056, stack(0x0000006a90b00000,0x0000006a90c00000)]

Other Threads:
  0x00000264ff1f3de0 VMThread "VM Thread" [stack: 0x0000006a8fc00000,0x0000006a8fd00000] [id=23940] _threads_hazard_ptr=0x0000026495806760
  0x00000264f6131790 WatcherThread [stack: 0x0000006a90c00000,0x0000006a90d00000] [id=21784]
  0x00000264f616e340 GCTaskThread "GC Thread#0" [stack: 0x0000006a8f700000,0x0000006a8f800000] [id=6324]
  0x0000026495691bc0 GCTaskThread "GC Thread#1" [stack: 0x0000006a90d00000,0x0000006a90e00000] [id=13248]
  0x00000264957773c0 GCTaskThread "GC Thread#2" [stack: 0x0000006a90e00000,0x0000006a90f00000] [id=19160]
  0x00000264957a7f70 GCTaskThread "GC Thread#3" [stack: 0x0000006a90f00000,0x0000006a91000000] [id=12344]
  0x00000264957aa230 GCTaskThread "GC Thread#4" [stack: 0x0000006a91000000,0x0000006a91100000] [id=9884]
  0x00000264957aa4e0 GCTaskThread "GC Thread#5" [stack: 0x0000006a91100000,0x0000006a91200000] [id=3236]
  0x00000264957aa790 GCTaskThread "GC Thread#6" [stack: 0x0000006a91200000,0x0000006a91300000] [id=23592]
  0x00000264957aaa40 GCTaskThread "GC Thread#7" [stack: 0x0000006a91300000,0x0000006a91400000] [id=800]
  0x00000264f617fe30 ConcurrentGCThread "G1 Main Marker" [stack: 0x0000006a8f800000,0x0000006a8f900000] [id=23464]
  0x00000264f61816f0 ConcurrentGCThread "G1 Conc#0" [stack: 0x0000006a8f900000,0x0000006a8fa00000] [id=10500]
  0x00000264f61ec400 ConcurrentGCThread "G1 Refine#0" [stack: 0x0000006a8fa00000,0x0000006a8fb00000] [id=9048]
  0x00000264f61edcd0 ConcurrentGCThread "G1 Service" [stack: 0x0000006a8fb00000,0x0000006a8fc00000] [id=19372]

Threads with active compile tasks:

VM state: synchronizing (normal execution)

VM Mutex/Monitor currently owned by a thread:  ([mutex/lock_event])
[0x00000264f612cdd0] Threads_lock - owner thread: 0x00000264ff1f3de0

Heap address: 0x0000000082e00000, size: 2002 MB, Compressed Oops mode: 32-bit

CDS archive(s) mapped at: [0x0000000800000000-0x0000000800bc0000-0x0000000800bc0000), size 12320768, SharedBaseAddress: 0x0000000800000000, ArchiveRelocationMode: 0.
Compressed class space mapped at: 0x0000000800c00000-0x0000000840c00000, reserved size: 1073741824
Narrow klass base: 0x0000000800000000, Narrow klass shift: 0, Narrow klass range: 0x100000000

GC Precious Log:
 CPUs: 8 total, 8 available
 Memory: 8006M
 Large Page Support: Disabled
 NUMA Support: Disabled
 Compressed Oops: Enabled (32-bit)
 Heap Region Size: 1M
 Heap Min Capacity: 8M
 Heap Initial Capacity: 126M
 Heap Max Capacity: 2002M
 Pre-touch: Disabled
 Parallel Workers: 8
 Concurrent Workers: 2
 Concurrent Refinement Workers: 8
 Periodic GC: Disabled

Heap:
 garbage-first heap   total 129024K, used 10988K [0x0000000082e00000, 0x0000000100000000)
  region size 1024K, 8 young (8192K), 3 survivors (3072K)
 Metaspace       used 4444K, committed 4608K, reserved 1056768K
  class space    used 592K, committed 640K, reserved 1048576K

Heap Regions: E=young(eden), S=young(survivor), O=old, HS=humongous(starts), HC=humongous(continues), CS=collection set, F=free, OA=open archive, CA=closed archive, TAMS=top-at-mark-start (previous, next)
|   0|0x0000000082e00000, 0x0000000082f00000, 0x0000000082f00000|100%|HS|  |TAMS 0x0000000082e00000, 0x0000000082e00000| Complete 
|   1|0x0000000082f00000, 0x0000000083000000, 0x0000000083000000|100%| O|  |TAMS 0x0000000082f00000, 0x0000000082f00000| Untracked 
|   2|0x0000000083000000, 0x0000000083100000, 0x0000000083100000|100%| O|  |TAMS 0x0000000083000000, 0x0000000083000000| Untracked 
|   3|0x0000000083100000, 0x00000000831bb200, 0x0000000083200000| 73%| O|  |TAMS 0x0000000083100000, 0x0000000083100000| Untracked 
|   4|0x0000000083200000, 0x0000000083200000, 0x0000000083300000|  0%| F|  |TAMS 0x0000000083200000, 0x0000000083200000| Untracked 
|   5|0x0000000083300000, 0x0000000083300000, 0x0000000083400000|  0%| F|  |TAMS 0x0000000083300000, 0x0000000083300000| Untracked 
|   6|0x0000000083400000, 0x0000000083400000, 0x0000000083500000|  0%| F|  |TAMS 0x0000000083400000, 0x0000000083400000| Untracked 
|   7|0x0000000083500000, 0x0000000083500000, 0x0000000083600000|  0%| F|  |TAMS 0x0000000083500000, 0x0000000083500000| Untracked 
|   8|0x0000000083600000, 0x0000000083600000, 0x0000000083700000|  0%| F|  |TAMS 0x0000000083600000, 0x0000000083600000| Untracked 
|   9|0x0000000083700000, 0x0000000083700000, 0x0000000083800000|  0%| F|  |TAMS 0x0000000083700000, 0x0000000083700000| Untracked 
|  10|0x0000000083800000, 0x0000000083800000, 0x0000000083900000|  0%| F|  |TAMS 0x0000000083800000, 0x0000000083800000| Untracked 
|  11|0x0000000083900000, 0x0000000083900000, 0x0000000083a00000|  0%| F|  |TAMS 0x0000000083900000, 0x0000000083900000| Untracked 
|  12|0x0000000083a00000, 0x0000000083a00000, 0x0000000083b00000|  0%| F|  |TAMS 0x0000000083a00000, 0x0000000083a00000| Untracked 
|  13|0x0000000083b00000, 0x0000000083b00000, 0x0000000083c00000|  0%| F|  |TAMS 0x0000000083b00000, 0x0000000083b00000| Untracked 
|  14|0x0000000083c00000, 0x0000000083c00000, 0x0000000083d00000|  0%| F|  |TAMS 0x0000000083c00000, 0x0000000083c00000| Untracked 
|  15|0x0000000083d00000, 0x0000000083d00000, 0x0000000083e00000|  0%| F|  |TAMS 0x0000000083d00000, 0x0000000083d00000| Untracked 
|  16|0x0000000083e00000, 0x0000000083e00000, 0x0000000083f00000|  0%| F|  |TAMS 0x0000000083e00000, 0x0000000083e00000| Untracked 
|  17|0x0000000083f00000, 0x0000000083f00000, 0x0000000084000000|  0%| F|  |TAMS 0x0000000083f00000, 0x0000000083f00000| Untracked 
|  18|0x0000000084000000, 0x0000000084000000, 0x0000000084100000|  0%| F|  |TAMS 0x0000000084000000, 0x0000000084000000| Untracked 
|  19|0x0000000084100000, 0x0000000084100000, 0x0000000084200000|  0%| F|  |TAMS 0x0000000084100000, 0x0000000084100000| Untracked 
|  20|0x0000000084200000, 0x0000000084200000, 0x0000000084300000|  0%| F|  |TAMS 0x0000000084200000, 0x0000000084200000| Untracked 
|  21|0x0000000084300000, 0x0000000084300000, 0x0000000084400000|  0%| F|  |TAMS 0x0000000084300000, 0x0000000084300000| Untracked 
|  22|0x0000000084400000, 0x0000000084400000, 0x0000000084500000|  0%| F|  |TAMS 0x0000000084400000, 0x0000000084400000| Untracked 
|  23|0x0000000084500000, 0x0000000084500000, 0x0000000084600000|  0%| F|  |TAMS 0x0000000084500000, 0x0000000084500000| Untracked 
|  24|0x0000000084600000, 0x0000000084600000, 0x0000000084700000|  0%| F|  |TAMS 0x0000000084600000, 0x0000000084600000| Untracked 
|  25|0x0000000084700000, 0x0000000084700000, 0x0000000084800000|  0%| F|  |TAMS 0x0000000084700000, 0x0000000084700000| Untracked 
|  26|0x0000000084800000, 0x0000000084800000, 0x0000000084900000|  0%| F|  |TAMS 0x0000000084800000, 0x0000000084800000| Untracked 
|  27|0x0000000084900000, 0x0000000084900000, 0x0000000084a00000|  0%| F|  |TAMS 0x0000000084900000, 0x0000000084900000| Untracked 
|  28|0x0000000084a00000, 0x0000000084a00000, 0x0000000084b00000|  0%| F|  |TAMS 0x0000000084a00000, 0x0000000084a00000| Untracked 
|  29|0x0000000084b00000, 0x0000000084b00000, 0x0000000084c00000|  0%| F|  |TAMS 0x0000000084b00000, 0x0000000084b00000| Untracked 
|  30|0x0000000084c00000, 0x0000000084c00000, 0x0000000084d00000|  0%| F|  |TAMS 0x0000000084c00000, 0x0000000084c00000| Untracked 
|  31|0x0000000084d00000, 0x0000000084d00000, 0x0000000084e00000|  0%| F|  |TAMS 0x0000000084d00000, 0x0000000084d00000| Untracked 
|  32|0x0000000084e00000, 0x0000000084e00000, 0x0000000084f00000|  0%| F|  |TAMS 0x0000000084e00000, 0x0000000084e00000| Untracked 
|  33|0x0000000084f00000, 0x0000000084f00000, 0x0000000085000000|  0%| F|  |TAMS 0x0000000084f00000, 0x0000000084f00000| Untracked 
|  34|0x0000000085000000, 0x0000000085000000, 0x0000000085100000|  0%| F|  |TAMS 0x0000000085000000, 0x0000000085000000| Untracked 
|  35|0x0000000085100000, 0x0000000085100000, 0x0000000085200000|  0%| F|  |TAMS 0x0000000085100000, 0x0000000085100000| Untracked 
|  36|0x0000000085200000, 0x0000000085200000, 0x0000000085300000|  0%| F|  |TAMS 0x0000000085200000, 0x0000000085200000| Untracked 
|  37|0x0000000085300000, 0x0000000085300000, 0x0000000085400000|  0%| F|  |TAMS 0x0000000085300000, 0x0000000085300000| Untracked 
|  38|0x0000000085400000, 0x0000000085400000, 0x0000000085500000|  0%| F|  |TAMS 0x0000000085400000, 0x0000000085400000| Untracked 
|  39|0x0000000085500000, 0x0000000085500000, 0x0000000085600000|  0%| F|  |TAMS 0x0000000085500000, 0x0000000085500000| Untracked 
|  40|0x0000000085600000, 0x0000000085600000, 0x0000000085700000|  0%| F|  |TAMS 0x0000000085600000, 0x0000000085600000| Untracked 
|  41|0x0000000085700000, 0x0000000085700000, 0x0000000085800000|  0%| F|  |TAMS 0x0000000085700000, 0x0000000085700000| Untracked 
|  42|0x0000000085800000, 0x0000000085800000, 0x0000000085900000|  0%| F|  |TAMS 0x0000000085800000, 0x0000000085800000| Untracked 
|  43|0x0000000085900000, 0x0000000085900000, 0x0000000085a00000|  0%| F|  |TAMS 0x0000000085900000, 0x0000000085900000| Untracked 
|  44|0x0000000085a00000, 0x0000000085a00000, 0x0000000085b00000|  0%| F|  |TAMS 0x0000000085a00000, 0x0000000085a00000| Untracked 
|  45|0x0000000085b00000, 0x0000000085b00000, 0x0000000085c00000|  0%| F|  |TAMS 0x0000000085b00000, 0x0000000085b00000| Untracked 
|  46|0x0000000085c00000, 0x0000000085c00000, 0x0000000085d00000|  0%| F|  |TAMS 0x0000000085c00000, 0x0000000085c00000| Untracked 
|  47|0x0000000085d00000, 0x0000000085d00000, 0x0000000085e00000|  0%| F|  |TAMS 0x0000000085d00000, 0x0000000085d00000| Untracked 
|  48|0x0000000085e00000, 0x0000000085e00000, 0x0000000085f00000|  0%| F|  |TAMS 0x0000000085e00000, 0x0000000085e00000| Untracked 
|  49|0x0000000085f00000, 0x0000000085f00000, 0x0000000086000000|  0%| F|  |TAMS 0x0000000085f00000, 0x0000000085f00000| Untracked 
|  50|0x0000000086000000, 0x0000000086000000, 0x0000000086100000|  0%| F|  |TAMS 0x0000000086000000, 0x0000000086000000| Untracked 
|  51|0x0000000086100000, 0x0000000086100000, 0x0000000086200000|  0%| F|  |TAMS 0x0000000086100000, 0x0000000086100000| Untracked 
|  52|0x0000000086200000, 0x0000000086200000, 0x0000000086300000|  0%| F|  |TAMS 0x0000000086200000, 0x0000000086200000| Untracked 
|  53|0x0000000086300000, 0x0000000086300000, 0x0000000086400000|  0%| F|  |TAMS 0x0000000086300000, 0x0000000086300000| Untracked 
|  54|0x0000000086400000, 0x0000000086400000, 0x0000000086500000|  0%| F|  |TAMS 0x0000000086400000, 0x0000000086400000| Untracked 
|  55|0x0000000086500000, 0x0000000086500000, 0x0000000086600000|  0%| F|  |TAMS 0x0000000086500000, 0x0000000086500000| Untracked 
|  56|0x0000000086600000, 0x0000000086600000, 0x0000000086700000|  0%| F|  |TAMS 0x0000000086600000, 0x0000000086600000| Untracked 
|  57|0x0000000086700000, 0x0000000086700000, 0x0000000086800000|  0%| F|  |TAMS 0x0000000086700000, 0x0000000086700000| Untracked 
|  58|0x0000000086800000, 0x0000000086800000, 0x0000000086900000|  0%| F|  |TAMS 0x0000000086800000, 0x0000000086800000| Untracked 
|  59|0x0000000086900000, 0x0000000086900000, 0x0000000086a00000|  0%| F|  |TAMS 0x0000000086900000, 0x0000000086900000| Untracked 
|  60|0x0000000086a00000, 0x0000000086a00000, 0x0000000086b00000|  0%| F|  |TAMS 0x0000000086a00000, 0x0000000086a00000| Untracked 
|  61|0x0000000086b00000, 0x0000000086b00000, 0x0000000086c00000|  0%| F|  |TAMS 0x0000000086b00000, 0x0000000086b00000| Untracked 
|  62|0x0000000086c00000, 0x0000000086c00000, 0x0000000086d00000|  0%| F|  |TAMS 0x0000000086c00000, 0x0000000086c00000| Untracked 
|  63|0x0000000086d00000, 0x0000000086d00000, 0x0000000086e00000|  0%| F|  |TAMS 0x0000000086d00000, 0x0000000086d00000| Untracked 
|  64|0x0000000086e00000, 0x0000000086e00000, 0x0000000086f00000|  0%| F|  |TAMS 0x0000000086e00000, 0x0000000086e00000| Untracked 
|  65|0x0000000086f00000, 0x0000000086f00000, 0x0000000087000000|  0%| F|  |TAMS 0x0000000086f00000, 0x0000000086f00000| Untracked 
|  66|0x0000000087000000, 0x0000000087000000, 0x0000000087100000|  0%| F|  |TAMS 0x0000000087000000, 0x0000000087000000| Untracked 
|  67|0x0000000087100000, 0x0000000087100000, 0x0000000087200000|  0%| F|  |TAMS 0x0000000087100000, 0x0000000087100000| Untracked 
|  68|0x0000000087200000, 0x0000000087200000, 0x0000000087300000|  0%| F|  |TAMS 0x0000000087200000, 0x0000000087200000| Untracked 
|  69|0x0000000087300000, 0x0000000087300000, 0x0000000087400000|  0%| F|  |TAMS 0x0000000087300000, 0x0000000087300000| Untracked 
|  70|0x0000000087400000, 0x0000000087400000, 0x0000000087500000|  0%| F|  |TAMS 0x0000000087400000, 0x0000000087400000| Untracked 
|  71|0x0000000087500000, 0x0000000087500000, 0x0000000087600000|  0%| F|  |TAMS 0x0000000087500000, 0x0000000087500000| Untracked 
|  72|0x0000000087600000, 0x0000000087600000, 0x0000000087700000|  0%| F|  |TAMS 0x0000000087600000, 0x0000000087600000| Untracked 
|  73|0x0000000087700000, 0x0000000087700000, 0x0000000087800000|  0%| F|  |TAMS 0x0000000087700000, 0x0000000087700000| Untracked 
|  74|0x0000000087800000, 0x0000000087800000, 0x0000000087900000|  0%| F|  |TAMS 0x0000000087800000, 0x0000000087800000| Untracked 
|  75|0x0000000087900000, 0x0000000087900000, 0x0000000087a00000|  0%| F|  |TAMS 0x0000000087900000, 0x0000000087900000| Untracked 
|  76|0x0000000087a00000, 0x0000000087a00000, 0x0000000087b00000|  0%| F|  |TAMS 0x0000000087a00000, 0x0000000087a00000| Untracked 
|  77|0x0000000087b00000, 0x0000000087b00000, 0x0000000087c00000|  0%| F|  |TAMS 0x0000000087b00000, 0x0000000087b00000| Untracked 
|  78|0x0000000087c00000, 0x0000000087c00000, 0x0000000087d00000|  0%| F|  |TAMS 0x0000000087c00000, 0x0000000087c00000| Untracked 
|  79|0x0000000087d00000, 0x0000000087d00000, 0x0000000087e00000|  0%| F|  |TAMS 0x0000000087d00000, 0x0000000087d00000| Untracked 
|  80|0x0000000087e00000, 0x0000000087e00000, 0x0000000087f00000|  0%| F|  |TAMS 0x0000000087e00000, 0x0000000087e00000| Untracked 
|  81|0x0000000087f00000, 0x0000000087f00000, 0x0000000088000000|  0%| F|  |TAMS 0x0000000087f00000, 0x0000000087f00000| Untracked 
|  82|0x0000000088000000, 0x0000000088000000, 0x0000000088100000|  0%| F|  |TAMS 0x0000000088000000, 0x0000000088000000| Untracked 
|  83|0x0000000088100000, 0x0000000088100000, 0x0000000088200000|  0%| F|  |TAMS 0x0000000088100000, 0x0000000088100000| Untracked 
|  84|0x0000000088200000, 0x0000000088200000, 0x0000000088300000|  0%| F|  |TAMS 0x0000000088200000, 0x0000000088200000| Untracked 
|  85|0x0000000088300000, 0x0000000088300000, 0x0000000088400000|  0%| F|  |TAMS 0x0000000088300000, 0x0000000088300000| Untracked 
|  86|0x0000000088400000, 0x0000000088400000, 0x0000000088500000|  0%| F|  |TAMS 0x0000000088400000, 0x0000000088400000| Untracked 
|  87|0x0000000088500000, 0x0000000088500000, 0x0000000088600000|  0%| F|  |TAMS 0x0000000088500000, 0x0000000088500000| Untracked 
|  88|0x0000000088600000, 0x0000000088600000, 0x0000000088700000|  0%| F|  |TAMS 0x0000000088600000, 0x0000000088600000| Untracked 
|  89|0x0000000088700000, 0x0000000088700000, 0x0000000088800000|  0%| F|  |TAMS 0x0000000088700000, 0x0000000088700000| Untracked 
|  90|0x0000000088800000, 0x0000000088800000, 0x0000000088900000|  0%| F|  |TAMS 0x0000000088800000, 0x0000000088800000| Untracked 
|  91|0x0000000088900000, 0x0000000088900000, 0x0000000088a00000|  0%| F|  |TAMS 0x0000000088900000, 0x0000000088900000| Untracked 
|  92|0x0000000088a00000, 0x0000000088a00000, 0x0000000088b00000|  0%| F|  |TAMS 0x0000000088a00000, 0x0000000088a00000| Untracked 
|  93|0x0000000088b00000, 0x0000000088b00000, 0x0000000088c00000|  0%| F|  |TAMS 0x0000000088b00000, 0x0000000088b00000| Untracked 
|  94|0x0000000088c00000, 0x0000000088c00000, 0x0000000088d00000|  0%| F|  |TAMS 0x0000000088c00000, 0x0000000088c00000| Untracked 
|  95|0x0000000088d00000, 0x0000000088d00000, 0x0000000088e00000|  0%| F|  |TAMS 0x0000000088d00000, 0x0000000088d00000| Untracked 
|  96|0x0000000088e00000, 0x0000000088e00000, 0x0000000088f00000|  0%| F|  |TAMS 0x0000000088e00000, 0x0000000088e00000| Untracked 
|  97|0x0000000088f00000, 0x0000000088f00000, 0x0000000089000000|  0%| F|  |TAMS 0x0000000088f00000, 0x0000000088f00000| Untracked 
|  98|0x0000000089000000, 0x0000000089000000, 0x0000000089100000|  0%| F|  |TAMS 0x0000000089000000, 0x0000000089000000| Untracked 
|  99|0x0000000089100000, 0x0000000089100000, 0x0000000089200000|  0%| F|  |TAMS 0x0000000089100000, 0x0000000089100000| Untracked 
| 100|0x0000000089200000, 0x0000000089300000, 0x0000000089300000|100%| S|CS|TAMS 0x0000000089200000, 0x0000000089200000| Complete 
| 101|0x0000000089300000, 0x0000000089400000, 0x0000000089400000|100%| S|CS|TAMS 0x0000000089300000, 0x0000000089300000| Complete 
| 102|0x0000000089400000, 0x0000000089500000, 0x0000000089500000|100%| S|CS|TAMS 0x0000000089400000, 0x0000000089400000| Complete 
| 103|0x0000000089500000, 0x0000000089500000, 0x0000000089600000|  0%| F|  |TAMS 0x0000000089500000, 0x0000000089500000| Untracked 
| 104|0x0000000089600000, 0x0000000089600000, 0x0000000089700000|  0%| F|  |TAMS 0x0000000089600000, 0x0000000089600000| Untracked 
| 105|0x0000000089700000, 0x0000000089700000, 0x0000000089800000|  0%| F|  |TAMS 0x0000000089700000, 0x0000000089700000| Untracked 
| 106|0x0000000089800000, 0x0000000089800000, 0x0000000089900000|  0%| F|  |TAMS 0x0000000089800000, 0x0000000089800000| Untracked 
| 107|0x0000000089900000, 0x0000000089900000, 0x0000000089a00000|  0%| F|  |TAMS 0x0000000089900000, 0x0000000089900000| Untracked 
| 108|0x0000000089a00000, 0x0000000089a00000, 0x0000000089b00000|  0%| F|  |TAMS 0x0000000089a00000, 0x0000000089a00000| Untracked 
| 109|0x0000000089b00000, 0x0000000089b00000, 0x0000000089c00000|  0%| F|  |TAMS 0x0000000089b00000, 0x0000000089b00000| Untracked 
| 110|0x0000000089c00000, 0x0000000089c00000, 0x0000000089d00000|  0%| F|  |TAMS 0x0000000089c00000, 0x0000000089c00000| Untracked 
| 111|0x0000000089d00000, 0x0000000089d00000, 0x0000000089e00000|  0%| F|  |TAMS 0x0000000089d00000, 0x0000000089d00000| Untracked 
| 112|0x0000000089e00000, 0x0000000089e00000, 0x0000000089f00000|  0%| F|  |TAMS 0x0000000089e00000, 0x0000000089e00000| Untracked 
| 113|0x0000000089f00000, 0x0000000089f00000, 0x000000008a000000|  0%| F|  |TAMS 0x0000000089f00000, 0x0000000089f00000| Untracked 
| 114|0x000000008a000000, 0x000000008a000000, 0x000000008a100000|  0%| F|  |TAMS 0x000000008a000000, 0x000000008a000000| Untracked 
| 115|0x000000008a100000, 0x000000008a100000, 0x000000008a200000|  0%| F|  |TAMS 0x000000008a100000, 0x000000008a100000| Untracked 
| 116|0x000000008a200000, 0x000000008a200000, 0x000000008a300000|  0%| F|  |TAMS 0x000000008a200000, 0x000000008a200000| Untracked 
| 117|0x000000008a300000, 0x000000008a300000, 0x000000008a400000|  0%| F|  |TAMS 0x000000008a300000, 0x000000008a300000| Untracked 
| 118|0x000000008a400000, 0x000000008a400000, 0x000000008a500000|  0%| F|  |TAMS 0x000000008a400000, 0x000000008a400000| Untracked 
| 119|0x000000008a500000, 0x000000008a500000, 0x000000008a600000|  0%| F|  |TAMS 0x000000008a500000, 0x000000008a500000| Untracked 
| 120|0x000000008a600000, 0x000000008a600000, 0x000000008a700000|  0%| F|  |TAMS 0x000000008a600000, 0x000000008a600000| Untracked 
| 121|0x000000008a700000, 0x000000008a700800, 0x000000008a800000|  0%| E|  |TAMS 0x000000008a700000, 0x000000008a700000| Complete 
| 122|0x000000008a800000, 0x000000008a900000, 0x000000008a900000|100%| E|CS|TAMS 0x000000008a800000, 0x000000008a800000| Complete 
| 123|0x000000008a900000, 0x000000008aa00000, 0x000000008aa00000|100%| E|CS|TAMS 0x000000008a900000, 0x000000008a900000| Complete 
| 124|0x000000008aa00000, 0x000000008ab00000, 0x000000008ab00000|100%| E|CS|TAMS 0x000000008aa00000, 0x000000008aa00000| Complete 
| 125|0x000000008ab00000, 0x000000008ac00000, 0x000000008ac00000|100%| E|CS|TAMS 0x000000008ab00000, 0x000000008ab00000| Complete 

Card table byte_map: [0x00000264fe030000,0x00000264fe420000] _byte_map_base: 0x00000264fdc19000

Marking Bits (Prev, Next): (CMBitMap*) 0x00000264f616f960, (CMBitMap*) 0x00000264f616f9a0
 Prev Bits: [0x000002648f000000, 0x0000026490f48000)
 Next Bits: [0x0000026490f50000, 0x0000026492e98000)

Polling page: 0x00000264f58f0000

Metaspace:

Usage:
  Non-class:      3.76 MB used.
      Class:    592.70 KB used.
       Both:      4.34 MB used.

Virtual space:
  Non-class space:        8.00 MB reserved,       3.88 MB ( 48%) committed,  1 nodes.
      Class space:        1.00 GB reserved,     640.00 KB ( <1%) committed,  1 nodes.
             Both:        1.01 GB reserved,       4.50 MB ( <1%) committed. 

Chunk freelists:
   Non-Class:  2.17 MB
       Class:  3.33 MB
        Both:  5.50 MB

MaxMetaspaceSize: unlimited
CompressedClassSpaceSize: 1.00 GB
Initial GC threshold: 21.00 MB
Current GC threshold: 21.00 MB
CDS: on
MetaspaceReclaimPolicy: balanced
 - commit_granule_bytes: 65536.
 - commit_granule_words: 8192.
 - virtual_space_node_default_size: 1048576.
 - enlarge_chunks_in_place: 1.
 - new_chunks_are_fully_committed: 0.
 - uncommit_free_chunks: 1.
 - use_allocation_guard: 0.
 - handle_deallocations: 1.


Internal statistics:

num_allocs_failed_limit: 0.
num_arena_births: 86.
num_arena_deaths: 0.
num_vsnodes_births: 2.
num_vsnodes_deaths: 0.
num_space_committed: 72.
num_space_uncommitted: 0.
num_chunks_returned_to_freelist: 0.
num_chunks_taken_from_freelist: 270.
num_chunk_merges: 0.
num_chunk_splits: 136.
num_chunks_enlarged: 69.
num_purges: 0.
num_inconsistent_stats: 0.

CodeHeap 'non-profiled nmethods': size=120000Kb used=422Kb max_used=422Kb free=119577Kb
 bounds [0x0000026487ad0000, 0x0000026487d40000, 0x000002648f000000]
CodeHeap 'profiled nmethods': size=120000Kb used=2110Kb max_used=2110Kb free=117889Kb
 bounds [0x00000264805a0000, 0x0000026480810000, 0x0000026487ad0000]
CodeHeap 'non-nmethods': size=5760Kb used=1200Kb max_used=1226Kb free=4559Kb
 bounds [0x0000026480000000, 0x0000026480270000, 0x00000264805a0000]
 total_blobs=1552 nmethods=1137 adapters=328
 compilation: enabled
              stopped_count=0, restarted_count=0
 full_count=0

Compilation events (20 events):
Event: 4.651 Thread 0x00000264ff216290 nmethod 1128 0x00000264807ad710 code [0x00000264807ad8c0, 0x00000264807adb58]
Event: 4.651 Thread 0x00000264ff216290 1129  s    3       java.io.ByteArrayInputStream::read (36 bytes)
Event: 4.651 Thread 0x00000264ff216290 nmethod 1129 0x00000264807adc90 code [0x00000264807ade40, 0x00000264807ae098]
Event: 4.651 Thread 0x00000264ff216290 1131       3       java.lang.Integer::valueOf (32 bytes)
Event: 4.651 Thread 0x00000264ff216290 nmethod 1131 0x00000264807ae190 code [0x00000264807ae340, 0x00000264807ae658]
Event: 4.651 Thread 0x00000264ff216290 1130       3       java.io.DataInputStream::readByte (23 bytes)
Event: 4.652 Thread 0x00000264ff216290 nmethod 1130 0x00000264807ae790 code [0x00000264807ae960, 0x00000264807aebf8]
Event: 4.652 Thread 0x00000264ff216290 1132       1       java.time.temporal.ValueRange::getMinimum (5 bytes)
Event: 4.652 Thread 0x00000264ff216290 nmethod 1132 0x0000026487b35e90 code [0x0000026487b36020, 0x0000026487b360f8]
Event: 4.652 Thread 0x00000264ff216290 1133       1       java.time.temporal.ValueRange::getMaximum (5 bytes)
Event: 4.652 Thread 0x00000264ff216290 nmethod 1133 0x0000026487b36190 code [0x0000026487b36320, 0x0000026487b363f8]
Event: 4.652 Thread 0x00000264ff216290 1134       1       java.time.temporal.ChronoField::range (5 bytes)
Event: 4.652 Thread 0x00000264ff216290 nmethod 1134 0x0000026487b36490 code [0x0000026487b36620, 0x0000026487b366f8]
Event: 4.652 Thread 0x00000264ff216290 1135       1       java.time.ZoneOffset::getTotalSeconds (5 bytes)
Event: 4.652 Thread 0x00000264ff216290 nmethod 1135 0x0000026487b36790 code [0x0000026487b36920, 0x0000026487b369f8]
Event: 4.673 Thread 0x00000264ff2122f0 nmethod 1124 0x0000026487b36d90 code [0x0000026487b36fc0, 0x0000026487b38c30]
Event: 4.676 Thread 0x00000264ff2122f0 1127   !   4       java.nio.DirectByteBuffer::get (34 bytes)
Event: 4.677 Thread 0x00000264ff2122f0 nmethod 1127 0x0000026487b39510 code [0x0000026487b39680, 0x0000026487b39758]
Event: 16.112 Thread 0x00000264ff216290 1137   !   3       java.lang.ClassLoader::addClass (27 bytes)
Event: 16.113 Thread 0x00000264ff216290 nmethod 1137 0x00000264807aed10 code [0x00000264807aef00, 0x00000264807af548]

GC Heap History (2 events):
Event: 1.063 GC heap before
{Heap before GC invocations=0 (full 0):
 garbage-first heap   total 129024K, used 23552K [0x0000000082e00000, 0x0000000100000000)
  region size 1024K, 23 young (23552K), 0 survivors (0K)
 Metaspace       used 3865K, committed 4032K, reserved 1056768K
  class space    used 479K, committed 576K, reserved 1048576K
}
Event: 1.067 GC heap after
{Heap after GC invocations=1 (full 0):
 garbage-first heap   total 129024K, used 6892K [0x0000000082e00000, 0x0000000100000000)
  region size 1024K, 3 young (3072K), 3 survivors (3072K)
 Metaspace       used 3865K, committed 4032K, reserved 1056768K
  class space    used 479K, committed 576K, reserved 1048576K
}

Deoptimization events (20 events):
Event: 0.999 Thread 0x00000264f6130920 DEOPT PACKING pc=0x0000026487b28758 sp=0x0000006a8f6fd1f0
Event: 0.999 Thread 0x00000264f6130920 DEOPT UNPACKING pc=0x00000264800523a3 sp=0x0000006a8f6fd178 mode 2
Event: 0.999 Thread 0x00000264f6130920 Uncommon trap: trap_request=0xffffffde fr.pc=0x0000026487b28758 relative=0x0000000000000138
Event: 0.999 Thread 0x00000264f6130920 Uncommon trap: reason=class_check action=maybe_recompile pc=0x0000026487b28758 method=jdk.internal.misc.Unsafe.allocateUninitializedArray(Ljava/lang/Class;I)Ljava/lang/Object; @ 51 c2
Event: 0.999 Thread 0x00000264f6130920 DEOPT PACKING pc=0x0000026487b28758 sp=0x0000006a8f6fd1f0
Event: 0.999 Thread 0x00000264f6130920 DEOPT UNPACKING pc=0x00000264800523a3 sp=0x0000006a8f6fd178 mode 2
Event: 1.043 Thread 0x00000264f6130920 DEOPT PACKING pc=0x00000264807433fc sp=0x0000006a8f6fdc40
Event: 1.043 Thread 0x00000264f6130920 DEOPT UNPACKING pc=0x0000026480052b43 sp=0x0000006a8f6fd0d8 mode 1
Event: 1.043 Thread 0x00000264f6130920 DEOPT PACKING pc=0x00000264807428dc sp=0x0000006a8f6fdd10
Event: 1.043 Thread 0x00000264f6130920 DEOPT UNPACKING pc=0x0000026480052b43 sp=0x0000006a8f6fd1c8 mode 1
Event: 1.115 Thread 0x00000264f6130920 DEOPT PACKING pc=0x0000026480662f6b sp=0x0000006a8f6fc5b0
Event: 1.115 Thread 0x00000264f6130920 DEOPT UNPACKING pc=0x0000026480052b43 sp=0x0000006a8f6fbad8 mode 0
Event: 1.137 Thread 0x00000264f6130920 Uncommon trap: trap_request=0xffffff45 fr.pc=0x0000026487b1a5c8 relative=0x0000000000000048
Event: 1.137 Thread 0x00000264f6130920 Uncommon trap: reason=unstable_if action=reinterpret pc=0x0000026487b1a5c8 method=java.lang.CharacterData.of(I)Ljava/lang/CharacterData; @ 4 c2
Event: 1.137 Thread 0x00000264f6130920 DEOPT PACKING pc=0x0000026487b1a5c8 sp=0x0000006a8f6fb900
Event: 1.137 Thread 0x00000264f6130920 DEOPT UNPACKING pc=0x00000264800523a3 sp=0x0000006a8f6fb8a0 mode 2
Event: 1.139 Thread 0x00000264f6130920 Uncommon trap: trap_request=0xffffff45 fr.pc=0x0000026487ada7fc relative=0x000000000000025c
Event: 1.139 Thread 0x00000264f6130920 Uncommon trap: reason=unstable_if action=reinterpret pc=0x0000026487ada7fc method=java.lang.String.isLatin1()Z @ 10 c2
Event: 1.139 Thread 0x00000264f6130920 DEOPT PACKING pc=0x0000026487ada7fc sp=0x0000006a8f6fc170
Event: 1.139 Thread 0x00000264f6130920 DEOPT UNPACKING pc=0x00000264800523a3 sp=0x0000006a8f6fc0a0 mode 2

Classes unloaded (0 events):
No events

Classes redefined (0 events):
No events

Internal exceptions (20 events):
Event: 0.901 Thread 0x00000264f6130920 Exception <a 'java/lang/NoSuchMethodError'{0x0000000089810920}: 'void java.lang.invoke.DirectMethodHandle$Holder.invokeSpecial(java.lang.Object, java.lang.Object, java.lang.Object)'> (0x0000000089810920) 
thrown [t:\workspace\open\src\hotspot\share\interpreter\linkResolver.cpp, line 766]
Event: 0.916 Thread 0x00000264f6130920 Exception <a 'java/lang/NoSuchMethodError'{0x0000000089872b08}: 'void java.lang.invoke.DirectMethodHandle$Holder.invokeInterface(java.lang.Object, java.lang.Object, java.lang.Object, java.lang.Object, java.lang.Object)'> (0x0000000089872b08) 
thrown [t:\workspace\open\src\hotspot\share\interpreter\linkResolver.cpp, line 766]
Event: 0.917 Thread 0x00000264f6130920 Exception <a 'java/lang/IncompatibleClassChangeError'{0x0000000089876bb8}: Found class java.lang.Object, but interface was expected> (0x0000000089876bb8) 
thrown [t:\workspace\open\src\hotspot\share\interpreter\linkResolver.cpp, line 833]
Event: 0.935 Thread 0x00000264f6130920 Exception <a 'java/lang/NoSuchMethodError'{0x00000000898baeb0}: 'void java.lang.invoke.DirectMethodHandle$Holder.invokeInterface(java.lang.Object, java.lang.Object, java.lang.Object)'> (0x00000000898baeb0) 
thrown [t:\workspace\open\src\hotspot\share\interpreter\linkResolver.cpp, line 766]
Event: 0.936 Thread 0x00000264f6130920 Exception <a 'java/lang/IncompatibleClassChangeError'{0x00000000898be270}: Found class java.lang.Object, but interface was expected> (0x00000000898be270) 
thrown [t:\workspace\open\src\hotspot\share\interpreter\linkResolver.cpp, line 833]
Event: 0.942 Thread 0x00000264f6130920 Exception <a 'java/lang/NoSuchMethodError'{0x00000000898de5f0}: 'java.lang.Object java.lang.invoke.DirectMethodHandle$Holder.invokeStatic(java.lang.Object, java.lang.Object, int)'> (0x00000000898de5f0) 
thrown [t:\workspace\open\src\hotspot\share\interpreter\linkResolver.cpp, line 766]
Event: 0.956 Thread 0x00000264f6130920 Exception <a 'java/lang/NoSuchMethodError'{0x0000000089736f20}: 'void java.lang.invoke.DirectMethodHandle$Holder.invokeSpecial(java.lang.Object, java.lang.Object, java.lang.Object, java.lang.Object, java.lang.Object)'> (0x0000000089736f20) 
thrown [t:\workspace\open\src\hotspot\share\interpreter\linkResolver.cpp, line 766]
Event: 0.974 Thread 0x00000264f6130920 Exception <a 'java/lang/NoSuchMethodError'{0x00000000897b2a48}: 'void java.lang.invoke.DirectMethodHandle$Holder.invokeInterface(java.lang.Object, java.lang.Object, java.lang.Object, java.lang.Object)'> (0x00000000897b2a48) 
thrown [t:\workspace\open\src\hotspot\share\interpreter\linkResolver.cpp, line 766]
Event: 0.974 Thread 0x00000264f6130920 Exception <a 'java/lang/IncompatibleClassChangeError'{0x00000000897b6370}: Found class java.lang.Object, but interface was expected> (0x00000000897b6370) 
thrown [t:\workspace\open\src\hotspot\share\interpreter\linkResolver.cpp, line 833]
Event: 0.984 Thread 0x00000264f6130920 Exception <a 'java/lang/NoSuchMethodError'{0x00000000897e0f68}: 'void java.lang.invoke.DirectMethodHandle$Holder.invokeStatic(java.lang.Object, java.lang.Object, java.lang.Object, java.lang.Object)'> (0x00000000897e0f68) 
thrown [t:\workspace\open\src\hotspot\share\interpreter\linkResolver.cpp, line 766]
Event: 1.013 Thread 0x00000264f6130920 Exception <a 'java/lang/NoSuchMethodError'{0x000000008966d740}: 'java.lang.Object java.lang.invoke.DirectMethodHandle$Holder.invokeStaticInit(java.lang.Object)'> (0x000000008966d740) 
thrown [t:\workspace\open\src\hotspot\share\interpreter\linkResolver.cpp, line 766]
Event: 1.025 Thread 0x00000264f6130920 Exception <a 'java/lang/NoSuchMethodError'{0x00000000896a3b78}: 'java.lang.Object java.lang.invoke.Invokers$Holder.invokeExact_MT(java.lang.Object, java.lang.Object, java.lang.Object, java.lang.Object, java.lang.Object, java.lang.Object)'> (0x00000000896a3b78) 
thrown [t:\workspace\open\src\hotspot\share\interpreter\linkResolver.cpp, line 766]
Event: 1.027 Thread 0x00000264f6130920 Exception <a 'java/lang/NoSuchMethodError'{0x00000000896b4188}: 'int java.lang.invoke.DirectMethodHandle$Holder.invokeStatic(java.lang.Object, java.lang.Object, java.lang.Object, java.lang.Object, java.lang.Object)'> (0x00000000896b4188) 
thrown [t:\workspace\open\src\hotspot\share\interpreter\linkResolver.cpp, line 766]
Event: 1.039 Thread 0x00000264f6130920 Exception <a 'java/lang/NoSuchMethodError'{0x000000008950e4a8}: 'void java.lang.invoke.DirectMethodHandle$Holder.invokeStaticInit(java.lang.Object)'> (0x000000008950e4a8) 
thrown [t:\workspace\open\src\hotspot\share\interpreter\linkResolver.cpp, line 766]
Event: 1.075 Thread 0x00000264f6130920 Exception <a 'java/lang/NoSuchMethodError'{0x000000008abbe770}: 'int java.lang.invoke.DirectMethodHandle$Holder.invokeStaticInit(java.lang.Object, java.lang.Object)'> (0x000000008abbe770) 
thrown [t:\workspace\open\src\hotspot\share\interpreter\linkResolver.cpp, line 766]
Event: 1.113 Thread 0x00000264f6130920 Exception <a 'java/lang/NoSuchMethodError'{0x000000008aaebf88}: 'java.lang.Object java.lang.invoke.DirectMethodHandle$Holder.newInvokeSpecial(java.lang.Object, java.lang.Object, java.lang.Object, java.lang.Object, java.lang.Object, java.lang.Object, java.lang.Object)'> (0x000000008aaebf88) 
thrown [t:\workspace\open\src\hotspot\share\interpreter\linkResolver.cpp, line 766]
Event: 1.113 Thread 0x00000264f6130920 Exception <a 'java/lang/NoSuchMethodError'{0x000000008aaf0b40}: 'java.lang.Object java.lang.invoke.Invokers$Holder.linkToTargetMethod(java.lang.Object, java.lang.Object, java.lang.Object, java.lang.Object, java.lang.Object, java.lang.Object, java.lang.Object)'> (0x000000008aaf0b40) 
thrown [t:\workspace\open\src\hotspot\share\interpreter\linkResolver.cpp, line 766]
Event: 1.116 Thread 0x00000264f6130920 Exception <a 'java/lang/NoSuchMethodError'{0x000000008a903c30}: 'java.lang.Object java.lang.invoke.DirectMethodHandle$Holder.invokeInterface(java.lang.Object, java.lang.Object, java.lang.Object, java.lang.Object, java.lang.Object)'> (0x000000008a903c30) 
thrown [t:\workspace\open\src\hotspot\share\interpreter\linkResolver.cpp, line 766]
Event: 1.116 Thread 0x00000264f6130920 Exception <a 'java/lang/IncompatibleClassChangeError'{0x000000008a907a28}: Found class java.lang.Object, but interface was expected> (0x000000008a907a28) 
thrown [t:\workspace\open\src\hotspot\share\interpreter\linkResolver.cpp, line 833]
Event: 4.652 Thread 0x00000264f6130920 Exception <a 'java/lang/NoSuchMethodError'{0x000000008a8c8940}: 'java.lang.Object java.lang.invoke.DirectMethodHandle$Holder.invokeStatic(java.lang.Object, int, java.lang.Object)'> (0x000000008a8c8940) 
thrown [t:\workspace\open\src\hotspot\share\interpreter\linkResolver.cpp, line 766]

VM Operations (20 events):
Event: 54.590 Executing VM operation: get/set locals done
Event: 58.494 Executing VM operation: get/set locals
Event: 58.494 Executing VM operation: get/set locals done
Event: 58.544 Executing VM operation: get/set locals
Event: 58.544 Executing VM operation: get/set locals done
Event: 65.133 Executing VM operation: get/set locals
Event: 65.134 Executing VM operation: get/set locals done
Event: 65.171 Executing VM operation: get/set locals
Event: 65.172 Executing VM operation: get/set locals done
Event: 86.422 Executing VM operation: get/set locals
Event: 86.422 Executing VM operation: get/set locals done
Event: 86.445 Executing VM operation: get/set locals
Event: 86.445 Executing VM operation: get/set locals done
Event: 100.496 Executing VM operation: ChangeBreakpoints
Event: 100.496 Executing VM operation: ChangeBreakpoints done
Event: 100.497 Executing VM operation: ChangeBreakpoints
Event: 100.497 Executing VM operation: ChangeBreakpoints done
Event: 100.497 Executing VM operation: ChangeBreakpoints
Event: 100.497 Executing VM operation: ChangeBreakpoints done
Event: 100.497 Executing VM operation: ChangeBreakpoints

Events (20 events):
Event: 4.651 loading class java/time/DayOfWeek done
Event: 4.651 loading class java/time/zone/ZoneOffsetTransitionRule$TimeDefinition
Event: 4.652 loading class java/time/zone/ZoneOffsetTransitionRule$TimeDefinition done
Event: 4.652 loading class java/time/zone/ZoneOffsetTransition
Event: 4.652 loading class java/time/zone/ZoneOffsetTransition done
Event: 4.652 loading class java/time/temporal/TemporalAdjusters
Event: 4.652 loading class java/time/temporal/TemporalAdjusters done
Event: 4.653 loading class java/time/zone/ZoneOffsetTransitionRule$1
Event: 4.653 loading class java/time/zone/ZoneOffsetTransitionRule$1 done
Event: 16.096 loading class mk/ukim/finki/emt/appointmentmanagement/domain/valueObjects/PatientId
Event: 16.096 loading class mk/ukim/finki/emt/appointmentmanagement/domain/valueObjects/PatientId done
Event: 16.097 loading class mk/finki/ukim/emt/sharedkernel/domain/base/DomainObjectId
Event: 16.097 loading class mk/finki/ukim/emt/sharedkernel/domain/base/DomainObjectId done
Event: 16.294 loading class com/intellij/rt/debugger/BatchEvaluatorServer
Event: 16.294 loading class com/intellij/rt/debugger/BatchEvaluatorServer done
Event: 58.514 loading class java/lang/StackTraceElement$HashedModules
Event: 58.514 loading class java/lang/StackTraceElement$HashedModules done
Event: 65.185 loading class java/io/DataOutputStream
Event: 65.185 loading class java/io/DataOutputStream done
Event: 100.496 Thread 0x00000264ffdd3640 Thread exited: 0x00000264ffdd3640


Dynamic libraries:
0x00007ff6d4bd0000 - 0x00007ff6d4bde000 	C:\Users\linan\.jdks\openjdk-17\bin\java.exe
0x00007ffa88450000 - 0x00007ffa88664000 	C:\WINDOWS\SYSTEM32\ntdll.dll
0x00007ffa86b70000 - 0x00007ffa86c32000 	C:\WINDOWS\System32\KERNEL32.DLL
0x00007ffa85d80000 - 0x00007ffa86123000 	C:\WINDOWS\System32\KERNELBASE.dll
0x00007ffa859e0000 - 0x00007ffa85af1000 	C:\WINDOWS\System32\ucrtbase.dll
0x00007ffa69dc0000 - 0x00007ffa69dda000 	C:\Users\linan\.jdks\openjdk-17\bin\VCRUNTIME140.dll
0x00007ffa6f6c0000 - 0x00007ffa6f6d8000 	C:\Users\linan\.jdks\openjdk-17\bin\jli.dll
0x00007ffa86510000 - 0x00007ffa866bb000 	C:\WINDOWS\System32\USER32.dll
0x00007ffa85930000 - 0x00007ffa85956000 	C:\WINDOWS\System32\win32u.dll
0x00007ffa86480000 - 0x00007ffa864a9000 	C:\WINDOWS\System32\GDI32.dll
0x00007ffa86130000 - 0x00007ffa86248000 	C:\WINDOWS\System32\gdi32full.dll
0x00007ffa85b70000 - 0x00007ffa85c0a000 	C:\WINDOWS\System32\msvcp_win.dll
0x00007ffa71ec0000 - 0x00007ffa7214e000 	C:\WINDOWS\WinSxS\amd64_microsoft.windows.common-controls_6595b64144ccf1df_6.0.22621.1635_none_270f70857386168e\COMCTL32.dll
0x00007ffa863d0000 - 0x00007ffa86477000 	C:\WINDOWS\System32\msvcrt.dll
0x00007ffa86a90000 - 0x00007ffa86ac1000 	C:\WINDOWS\System32\IMM32.DLL
0x00007ffa7dc70000 - 0x00007ffa7dc7c000 	C:\Users\linan\.jdks\openjdk-17\bin\vcruntime140_1.dll
0x00007ffa65790000 - 0x00007ffa6581d000 	C:\Users\linan\.jdks\openjdk-17\bin\msvcp140.dll
0x00007ff9e8db0000 - 0x00007ff9e996e000 	C:\Users\linan\.jdks\openjdk-17\bin\server\jvm.dll
0x00007ffa86c40000 - 0x00007ffa86cee000 	C:\WINDOWS\System32\ADVAPI32.dll
0x00007ffa88310000 - 0x00007ffa883b4000 	C:\WINDOWS\System32\sechost.dll
0x00007ffa86250000 - 0x00007ffa86367000 	C:\WINDOWS\System32\RPCRT4.dll
0x00007ffa871f0000 - 0x00007ffa871f8000 	C:\WINDOWS\System32\PSAPI.DLL
0x00007ffa58c30000 - 0x00007ffa58c39000 	C:\WINDOWS\SYSTEM32\WSOCK32.dll
0x00007ffa78df0000 - 0x00007ffa78e24000 	C:\WINDOWS\SYSTEM32\WINMM.dll
0x00007ffa73430000 - 0x00007ffa7343a000 	C:\WINDOWS\SYSTEM32\VERSION.dll
0x00007ffa86ad0000 - 0x00007ffa86b41000 	C:\WINDOWS\System32\WS2_32.dll
0x00007ffa84980000 - 0x00007ffa84998000 	C:\WINDOWS\SYSTEM32\kernel.appcore.dll
0x00007ffa7db00000 - 0x00007ffa7db0a000 	C:\Users\linan\.jdks\openjdk-17\bin\jimage.dll
0x00007ffa801a0000 - 0x00007ffa803ce000 	C:\WINDOWS\SYSTEM32\DBGHELP.DLL
0x00007ffa86700000 - 0x00007ffa86a89000 	C:\WINDOWS\System32\combase.dll
0x00007ffa86f70000 - 0x00007ffa87047000 	C:\WINDOWS\System32\OLEAUT32.dll
0x00007ffa70170000 - 0x00007ffa701a2000 	C:\WINDOWS\SYSTEM32\dbgcore.DLL
0x00007ffa85960000 - 0x00007ffa859db000 	C:\WINDOWS\System32\bcryptPrimitives.dll
0x00007ffa626c0000 - 0x00007ffa626fb000 	C:\Users\linan\.jdks\openjdk-17\bin\jdwp.dll
0x00007ffa7a0b0000 - 0x00007ffa7a0be000 	C:\Users\linan\.jdks\openjdk-17\bin\instrument.dll
0x00007ffa69d10000 - 0x00007ffa69d35000 	C:\Users\linan\.jdks\openjdk-17\bin\java.dll
0x00007ffa656b0000 - 0x00007ffa65786000 	C:\Users\linan\.jdks\openjdk-17\bin\svml.dll
0x00007ffa87800000 - 0x00007ffa87ffa000 	C:\WINDOWS\System32\SHELL32.dll
0x00007ffa83830000 - 0x00007ffa840fe000 	C:\WINDOWS\SYSTEM32\windows.storage.dll
0x00007ffa836f0000 - 0x00007ffa8382e000 	C:\WINDOWS\SYSTEM32\wintypes.dll
0x00007ffa88000000 - 0x00007ffa880f1000 	C:\WINDOWS\System32\SHCORE.dll
0x00007ffa864b0000 - 0x00007ffa8650e000 	C:\WINDOWS\System32\shlwapi.dll
0x00007ffa857a0000 - 0x00007ffa857c1000 	C:\WINDOWS\SYSTEM32\profapi.dll
0x00007ffa69e40000 - 0x00007ffa69e4c000 	C:\Users\linan\.jdks\openjdk-17\bin\dt_socket.dll
0x00007ffa84410000 - 0x00007ffa8443d000 	C:\WINDOWS\SYSTEM32\IPHLPAPI.DLL
0x00007ffa84e20000 - 0x00007ffa84e89000 	C:\WINDOWS\system32\mswsock.dll
0x00007ffa640c0000 - 0x00007ffa640d8000 	C:\Users\linan\.jdks\openjdk-17\bin\zip.dll
0x00007ffa69bd0000 - 0x00007ffa69be9000 	C:\Users\linan\.jdks\openjdk-17\bin\net.dll
0x00007ffa7bb00000 - 0x00007ffa7bc37000 	C:\WINDOWS\SYSTEM32\WINHTTP.dll
0x00007ffa67a70000 - 0x00007ffa67a85000 	C:\Users\linan\.jdks\openjdk-17\bin\nio.dll
0x00007ffa7da60000 - 0x00007ffa7da70000 	C:\Users\linan\.jdks\openjdk-17\bin\verify.dll

dbghelp: loaded successfully - version: 4.0.5 - missing functions: none
symbol engine: initialized successfully - sym options: 0x614 - pdb path: .;C:\Users\linan\.jdks\openjdk-17\bin;C:\WINDOWS\SYSTEM32;C:\WINDOWS\WinSxS\amd64_microsoft.windows.common-controls_6595b64144ccf1df_6.0.22621.1635_none_270f70857386168e;C:\Users\linan\.jdks\openjdk-17\bin\server

VM Arguments:
jvm_args: -agentlib:jdwp=transport=dt_socket,address=127.0.0.1:60692,suspend=y,server=n -ea -Didea.test.cyclic.buffer.size=1048576 -javaagent:C:\Users\linan\AppData\Local\JetBrains\IntelliJIdea2021.2\captureAgent\debugger-agent.jar -Dfile.encoding=UTF-8 
java_command: com.intellij.rt.junit.JUnitStarter -ideVersion5 -junit5 mk.ukim.finki.emt.appointmentmanagement.service.AppointmentServiceImplTest,testPlaceOrder
java_class_path (initial): C:\Users\linan\.m2\repository\org\junit\platform\junit-platform-launcher\1.9.3\junit-platform-launcher-1.9.3.jar;C:\Program Files\JetBrains\IntelliJ IDEA 2021.2.2\lib\idea_rt.jar;C:\Program Files\JetBrains\IntelliJ IDEA 2021.2.2\plugins\junit\lib\junit5-rt.jar;C:\Program Files\JetBrains\IntelliJ IDEA 2021.2.2\plugins\junit\lib\junit-rt.jar;C:\Users\linan\Desktop\Uni\Lina\SEIS 6 semester\EMT\lab - 4\ddd-appointment-making\appointment-management\target\test-classes;C:\Users\linan\Desktop\Uni\Lina\SEIS 6 semester\EMT\lab - 4\ddd-appointment-making\appointment-management\target\classes;C:\Users\linan\.m2\repository\org\springframework\boot\spring-boot-starter-web\3.1.0\spring-boot-starter-web-3.1.0.jar;C:\Users\linan\.m2\repository\org\springframework\boot\spring-boot-starter\3.1.0\spring-boot-starter-3.1.0.jar;C:\Users\linan\.m2\repository\org\springframework\boot\spring-boot\3.1.0\spring-boot-3.1.0.jar;C:\Users\linan\.m2\repository\org\springframework\boot\spring-boot-autoconfigure\3.1.0\spring-boot-autoconfigure-3.1.0.jar;C:\Users\linan\.m2\repository\org\springframework\boot\spring-boot-starter-logging\3.1.0\spring-boot-starter-logging-3.1.0.jar;C:\Users\linan\.m2\repository\ch\qos\logback\logback-classic\1.4.7\logback-classic-1.4.7.jar;C:\Users\linan\.m2\repository\ch\qos\logback\logback-core\1.4.7\logback-core-1.4.7.jar;C:\Users\linan\.m2\repository\org\apache\logging\log4j\log4j-to-slf4j\2.20.0\log4j-to-slf4j-2.20.0.jar;C:\Users\linan\.m2\repository\org\apache\logging\log4j\log4j-api\2.20.0\log4j-api-2.20.0.jar;C:\Users\linan\.m2\repository\org\slf4j\jul-to-slf4j\2.0.7\jul-to-slf4j-2.0.7.jar;C:\Users\linan\.m2\repository\jakarta\annotation\jakarta.annotation-api\2.1.1\jakarta.annotation-api-2.1.1.jar;C:\Users\linan\.m2\repository\org\yaml\snakeyaml\1.33\snakeyaml-1.33.jar;C:\Users\linan\.m2\repository\org\springframework\boot\spring-boot-starter-json\3.1.0\spring-boot-starter-json-3.1.0.jar;C:\Users\linan\.m2\repository\com\fasterxml\
Launcher Type: SUN_STANDARD

[Global flags]
     intx CICompilerCount                          = 4                                         {product} {ergonomic}
     uint ConcGCThreads                            = 2                                         {product} {ergonomic}
     uint G1ConcRefinementThreads                  = 8                                         {product} {ergonomic}
   size_t G1HeapRegionSize                         = 1048576                                   {product} {ergonomic}
    uintx GCDrainStackTargetSize                   = 64                                        {product} {ergonomic}
   size_t InitialHeapSize                          = 132120576                                 {product} {ergonomic}
   size_t MarkStackSize                            = 4194304                                   {product} {ergonomic}
   size_t MaxHeapSize                              = 2099249152                                {product} {ergonomic}
   size_t MaxNewSize                               = 1259339776                                {product} {ergonomic}
   size_t MinHeapDeltaBytes                        = 1048576                                   {product} {ergonomic}
   size_t MinHeapSize                              = 8388608                                   {product} {ergonomic}
    uintx NonNMethodCodeHeapSize                   = 5839372                                {pd product} {ergonomic}
    uintx NonProfiledCodeHeapSize                  = 122909434                              {pd product} {ergonomic}
    uintx ProfiledCodeHeapSize                     = 122909434                              {pd product} {ergonomic}
    uintx ReservedCodeCacheSize                    = 251658240                              {pd product} {ergonomic}
     bool SegmentedCodeCache                       = true                                      {product} {ergonomic}
   size_t SoftMaxHeapSize                          = 2099249152                             {manageable} {ergonomic}
     bool UseCompressedClassPointers               = true                           {product lp64_product} {ergonomic}
     bool UseCompressedOops                        = true                           {product lp64_product} {ergonomic}
     bool UseG1GC                                  = true                                      {product} {ergonomic}
     bool UseLargePagesIndividualAllocation        = false                                  {pd product} {ergonomic}

Logging:
Log output configuration:
 #0: stdout all=warning uptime,level,tags
 #1: stderr all=off uptime,level,tags

Environment Variables:
PATH=C:\Program Files\Python39\Scripts\;C:\Program Files\Python39\;C:\Program Files (x86)\Common Files\Oracle\Java\javapath;C:\Windows\system32;C:\Windows;C:\Windows\System32\Wbem;C:\Windows\System32\WindowsPowerShell\v1.0\;C:\Windows\System32\OpenSSH\;C:\Program Files (x86)\NVIDIA Corporation\PhysX\Common;C:\Program Files\Intel\WiFi\bin\;C:\Program Files\Common Files\Intel\WirelessCommon\;C:\WINDOWS\system32;C:\WINDOWS;C:\WINDOWS\System32\Wbem;C:\WINDOWS\System32\WindowsPowerShell\v1.0\;C:\WINDOWS\System32\OpenSSH\;C:\Program Files\Microsoft SQL Server\150\Tools\Binn\;C:\Program Files\Microsoft SQL Server\Client SDK\ODBC\170\Tools\Binn\;C:\Program Files\PuTTY\;C:\Program Files\Git\cmd;C:\Program Files\WireGuard\;C:\Program Files\nodejs\;C:\WINDOWS\system32;C:\WINDOWS;C:\WINDOWS\System32\Wbem;C:\WINDOWS\System32\WindowsPowerShell\v1.0\;C:\WINDOWS\System32\OpenSSH\;C:\Program Files\dotnet\;C:\Program Files\Docker\Docker\resources\bin;C:\Users\linan\AppData\Local\Microsoft\WindowsApps;C:\Users\linan\AppData\Local\Programs\Microsoft VS Code\bin;C:\Users\linan\AppData\Local\GitHubDesktop\bin;C:\Program Files\JetBrains\IntelliJ IDEA Community Edition 2021.2.2\bin;;C:\Program Files\JetBrains\IntelliJ IDEA 2021.2.2\bin;;C:\Program Files\JetBrains\PyCharm 2021.3.3\bin;;C:\Users\linan\AppData\Local\JetBrains\DataGrip 2022.2.5\bin;;C:\Users\linan\AppData\Roaming\npm;C:\Users\linan\.dotnet\tools
USERNAME=linan
OS=Windows_NT
PROCESSOR_IDENTIFIER=Intel64 Family 6 Model 142 Stepping 12, GenuineIntel



---------------  S Y S T E M  ---------------

OS:
 Windows 10 , 64 bit Build 22621 (10.0.22621.1635)
OS uptime: 0 days 20:54 hours
Hyper-V role detected

CPU: total 8 (initial active 8) (4 cores per cpu, 2 threads per core) family 6 model 142 stepping 12 microcode 0xde, cx8, cmov, fxsr, ht, mmx, 3dnowpref, sse, sse2, sse3, ssse3, sse4.1, sse4.2, popcnt, lzcnt, tsc, tscinvbit, avx, avx2, aes, erms, clmul, bmi1, bmi2, adx, fma, vzeroupper, clflush, clflushopt, hv

Memory: 4k page, system-wide physical 8006M (965M free)
TotalPageFile size 17240M (AvailPageFile size 2288M)
current process WorkingSet (physical memory assigned to process): 74M, peak: 82M
current process commit charge ("private bytes"): 220M, peak: 226M

vm_info: OpenJDK 64-Bit Server VM (17+35-2724) for windows-amd64 JRE (17+35-2724), built on Aug  5 2021 23:26:02 by "mach5one" with MS VC++ 16.8 (VS2019)

END.
